Client connected: 127.0.0.1:54316
Log file opened successfully
Server listening for connections...
Client connected: 127.0.0.1:54502
Received from client: hola
Received from client: adios
The client disconnected
Log file opened successfully
Server listening for connections...
Client connected: 127.0.0.1:54505
Received from client: hehehe
The client disconnected
Log file opened successfully
Server listening for connections...
Received request - Method: , Path: 
Log file opened successfully
Server listening for connections...
Received request - Method: , Path: 
Received request - Method: , Path: 
Received request - Method: , Path: 
Log file opened successfully
Log file opened successfully
Log file opened successfully
Log file opened successfully
Log file opened successfully
Server listening for connections...
Received request - Method: , Path: 
Received request - Method: , Path: 
Received request - Method: , Path: 
Received request - Method: , Path: 
Log file opened successfully
Server listening for connections...
Received request - Method: , Path: 
Received request - Method: , Path: 
Received request - Method: , Path: 
Received request - Method: , Path: 
Received request - Method: , Path: 
Log file opened successfully
Server listening for connections...
Log file opened successfully
Server listening for connections...
Log file opened successfully
Server listening for connections...
Log file opened successfully
Server listening for connections...
Log file opened successfully
Server listening for connections...
Log file opened successfully
Server listening for connections...
